[0425/144206.932:ERROR:process_reader_win.cc(123)] NtOpenThread: {无法访问} 过程已请求访问一对象，但未给访问权限。 (0xc0000022)
[0425/144206.933:ERROR:exception_snapshot_win.cc(88)] thread ID 6956 not found in process
[0425/144206.933:WARNING:crash_report_exception_handler.cc(62)] ProcessSnapshotWin::Initialize failed
[0425/150345.682:ERROR:process_reader_win.cc(123)] NtOpenThread: {无法访问} 过程已请求访问一对象，但未给访问权限。 (0xc0000022)
[0425/150345.683:ERROR:exception_snapshot_win.cc(88)] thread ID 10780 not found in process
[0425/150345.683:WARNING:crash_report_exception_handler.cc(62)] ProcessSnapshotWin::Initialize failed
[0425/150848.191:ERROR:process_reader_win.cc(123)] NtOpenThread: {无法访问} 过程已请求访问一对象，但未给访问权限。 (0xc0000022)
[0425/150848.191:ERROR:exception_snapshot_win.cc(88)] thread ID 12548 not found in process
[0425/150848.192:WARNING:crash_report_exception_handler.cc(62)] ProcessSnapshotWin::Initialize failed
[0425/150848.202:ERROR:process_reader_win.cc(123)] NtOpenThread: {无法访问} 过程已请求访问一对象，但未给访问权限。 (0xc0000022)
[0425/150848.203:ERROR:exception_snapshot_win.cc(88)] thread ID 3176 not found in process
[0425/150848.203:WARNING:crash_report_exception_handler.cc(62)] ProcessSnapshotWin::Initialize failed
[0425/152104.607:ERROR:process_reader_win.cc(123)] NtOpenThread: {无法访问} 过程已请求访问一对象，但未给访问权限。 (0xc0000022)
[0425/152104.615:ERROR:exception_snapshot_win.cc(88)] thread ID 16596 not found in process
[0425/152104.615:WARNING:crash_report_exception_handler.cc(62)] ProcessSnapshotWin::Initialize failed
[0425/152104.614:ERROR:process_reader_win.cc(123)] NtOpenThread: {无法访问} 过程已请求访问一对象，但未给访问权限。 (0xc0000022)
[0425/152104.616:ERROR:exception_snapshot_win.cc(88)] thread ID 14964 not found in process
[0425/152104.616:WARNING:crash_report_exception_handler.cc(62)] ProcessSnapshotWin::Initialize failed
[0425/152104.617:ERROR:process_reader_win.cc(123)] NtOpenThread: {无法访问} 过程已请求访问一对象，但未给访问权限。 (0xc0000022)
[0425/152104.618:ERROR:exception_snapshot_win.cc(88)] thread ID 14476 not found in process
[0425/152104.618:WARNING:crash_report_exception_handler.cc(62)] ProcessSnapshotWin::Initialize failed
[0425/152104.617:ERROR:process_reader_win.cc(123)] NtOpenThread: {无法访问} 过程已请求访问一对象，但未给访问权限。 (0xc0000022)
[0425/152104.618:ERROR:exception_snapshot_win.cc(88)] thread ID 15988 not found in process
[0425/152104.617:ERROR:process_reader_win.cc(123)] NtOpenThread: {无法访问} 过程已请求访问一对象，但未给访问权限。 (0xc0000022)
[0425/152104.618:WARNING:crash_report_exception_handler.cc(62)] ProcessSnapshotWin::Initialize failed
[0425/152104.618:ERROR:exception_snapshot_win.cc(88)] thread ID 11812 not found in process
[0425/152104.618:WARNING:crash_report_exception_handler.cc(62)] ProcessSnapshotWin::Initialize failed
[0425/152104.621:ERROR:process_reader_win.cc(123)] NtOpenThread: {无法访问} 过程已请求访问一对象，但未给访问权限。 (0xc0000022)
[0425/152104.623:ERROR:exception_snapshot_win.cc(88)] thread ID 15760 not found in process
[0425/152104.623:WARNING:crash_report_exception_handler.cc(62)] ProcessSnapshotWin::Initialize failed
[0425/152104.622:ERROR:process_reader_win.cc(123)] NtOpenThread: {无法访问} 过程已请求访问一对象，但未给访问权限。 (0xc0000022)
[0425/152104.623:ERROR:exception_snapshot_win.cc(88)] thread ID 14484 not found in process
[0425/152104.623:WARNING:crash_report_exception_handler.cc(62)] ProcessSnapshotWin::Initialize failed
[0425/152104.625:ERROR:process_reader_win.cc(123)] NtOpenThread: {无法访问} 过程已请求访问一对象，但未给访问权限。 (0xc0000022)
[0425/152104.626:ERROR:exception_snapshot_win.cc(88)] thread ID 16296 not found in process
[0425/152104.626:WARNING:crash_report_exception_handler.cc(62)] ProcessSnapshotWin::Initialize failed
[0425/165828.360:ERROR:process_info.cc(359)] UncheckedAllocate
[0425/165838.122:ERROR:process_info.cc(359)] UncheckedAllocate
[0425/165838.128:ERROR:process_reader_win.cc(90)] NtQuerySystemInformation: {没有足够配额} 没有足够的虚拟内存或分页文件配额以完成指定的操作。 (0xc0000017)
[0425/165838.131:ERROR:exception_snapshot_win.cc(88)] thread ID 23496 not found in process
[0425/165838.131:WARNING:crash_report_exception_handler.cc(62)] ProcessSnapshotWin::Initialize failed
[0425/165838.136:ERROR:process_info.cc(359)] UncheckedAllocate
[0425/165838.693:ERROR:process_info.cc(375)] NtQuerySystemInformation SystemExtendedHandleInformation: {没有足够配额} 没有足够的虚拟内存或分页文件配额以完成指定的操作。 (0xc0000017)
[0425/165839.287:ERROR:process_info.cc(359)] UncheckedAllocate
[0425/165839.796:ERROR:process_info.cc(375)] NtQuerySystemInformation SystemExtendedHandleInformation: {没有足够配额} 没有足够的虚拟内存或分页文件配额以完成指定的操作。 (0xc0000017)
[0425/165840.090:ERROR:process_info.cc(359)] UncheckedAllocate
[0425/165840.307:ERROR:process_info.cc(375)] NtQuerySystemInformation SystemExtendedHandleInformation: {没有足够配额} 没有足够的虚拟内存或分页文件配额以完成指定的操作。 (0xc0000017)
[0425/165840.354:ERROR:process_info.cc(359)] UncheckedAllocate
[0425/165847.993:ERROR:process_reader_win.cc(90)] NtQuerySystemInformation: {没有足够配额} 没有足够的虚拟内存或分页文件配额以完成指定的操作。 (0xc0000017)
[0425/165847.994:ERROR:exception_snapshot_win.cc(88)] thread ID 39772 not found in process
[0425/165847.994:WARNING:crash_report_exception_handler.cc(62)] ProcessSnapshotWin::Initialize failed
[0425/165848.093:ERROR:process_info.cc(375)] NtQuerySystemInformation SystemExtendedHandleInformation: {没有足够配额} 没有足够的虚拟内存或分页文件配额以完成指定的操作。 (0xc0000017)
[0425/165849.164:ERROR:process_info.cc(359)] UncheckedAllocate
[0425/165849.471:ERROR:process_info.cc(359)] UncheckedAllocate
[0425/165849.804:ERROR:process_info.cc(375)] NtQuerySystemInformation SystemExtendedHandleInformation: {没有足够配额} 没有足够的虚拟内存或分页文件配额以完成指定的操作。 (0xc0000017)
[0425/165850.128:ERROR:process_info.cc(375)] NtQuerySystemInformation SystemExtendedHandleInformation: {没有足够配额} 没有足够的虚拟内存或分页文件配额以完成指定的操作。 (0xc0000017)
[0425/165850.449:ERROR:process_info.cc(375)] NtQuerySystemInformation SystemExtendedHandleInformation: {没有足够配额} 没有足够的虚拟内存或分页文件配额以完成指定的操作。 (0xc0000017)
[0425/170016.889:ERROR:process_info.cc(375)] NtQuerySystemInformation SystemExtendedHandleInformation: {没有足够配额} 没有足够的虚拟内存或分页文件配额以完成指定的操作。 (0xc0000017)
[0425/170026.458:ERROR:process_info.cc(359)] UncheckedAllocate
[0425/170026.525:ERROR:process_info.cc(375)] NtQuerySystemInformation SystemExtendedHandleInformation: {没有足够配额} 没有足够的虚拟内存或分页文件配额以完成指定的操作。 (0xc0000017)
